<?xml version="1.0" encoding="UTF-8"?>
<!-- Generated by org.testng.reporters.JUnitReportReporter -->
<testsuite hostname="DESKTOP-JS4BKIT" failures="0" tests="1" name="task.ex" time="35.396" errors="0" timestamp="2024-11-23T14:30:22 IST" skipped="0">
  <testcase classname="task.ex" name="tast" time="35.396"/>
</testsuite> <!-- task.ex -->
