<?xml version="1.0" encoding="UTF-8"?>
<!-- Generated by org.testng.reporters.JUnitReportReporter -->
<testsuite hostname="DESKTOP-JS4BKIT" failures="0" tests="1" name="task.trail" time="11.167" errors="0" timestamp="2024-11-23T16:57:18 IST" skipped="0">
  <testcase classname="task.trail" name="taskTest" time="11.167"/>
</testsuite> <!-- task.trail -->
